<?xml version="1.0" encoding="UTF-8"?>
<testsuite xmlns:xsi="http://www.w3.org/2001/XMLSchema-instance" xsi:noNamespaceSchemaLocation="https://maven.apache.org/surefire/maven-surefire-plugin/xsd/surefire-test-report-3.0.xsd" version="3.0" name="Negocio.PagoBOTest" time="1.902" tests="6" errors="2" skipped="0" failures="1">
  <properties>
[...]
</properties>
  <testcase name="testConsultarHistorialComprasPorUsuario" classname="Negocio.PagoBOTest" time="0.111">
    <system-err><![CDATA[WARNING: A Java agent has been loaded dynamically (C:\Users\INEGI\.m2\repository\net\bytebuddy\byte-buddy-agent\1.14.5\byte-buddy-agent-1.14.5.jar)
WARNING: If a serviceability tool is in use, please run with -XX:+EnableDynamicAgentLoading to hide this warning
WARNING: If a serviceability tool is not in use, please run with -Djdk.instrument.traceUsage for more information
WARNING: Dynamic loading of agents will be disallowed by default in a future release
nov 03, 2024 1:34:29 A.M. org.bson.diagnostics.Loggers shouldUseSLF4J
WARNING: SLF4J not found on the classpath. Logging is disabled for the 'org.bson' component
nov 03, 2024 1:34:29 A.M. com.mongodb.diagnostics.logging.Loggers shouldUseSLF4J
WARNING: SLF4J not found on the classpath.  Logging is disabled for the 'org.mongodb.driver' component
]]></system-err>
  </testcase>
  <testcase name="testConsultarProductosCompradosPorUsuario" classname="Negocio.PagoBOTest" time="0.027">
    <failure message="expected: java.lang.String@1bc425e7&lt;123&gt; but was: java.lang.Integer@4b2a30d&lt;123&gt;" type="org.opentest4j.AssertionFailedError"><![CDATA[org.opentest4j.AssertionFailedError: expected: java.lang.String@1bc425e7<123> but was: java.lang.Integer@4b2a30d<123>
	at org.junit.jupiter.api.AssertionFailureBuilder.build(AssertionFailureBuilder.java:151)
	at org.junit.jupiter.api.AssertionFailureBuilder.buildAndThrow(AssertionFailureBuilder.java:132)
	at org.junit.jupiter.api.AssertEquals.failNotEqual(AssertEquals.java:197)
	at org.junit.jupiter.api.AssertEquals.assertEquals(AssertEquals.java:182)
	at org.junit.jupiter.api.AssertEquals.assertEquals(AssertEquals.java:177)
	at org.junit.jupiter.api.Assertions.assertEquals(Assertions.java:1145)
	at Negocio.PagoBOTest.testConsultarProductosCompradosPorUsuario(PagoBOTest.java:138)
	at java.base/java.lang.reflect.Method.invoke(Method.java:580)
	at java.base/java.util.ArrayList.forEach(ArrayList.java:1597)
	at java.base/java.util.ArrayList.forEach(ArrayList.java:1597)
]]></failure>
  </testcase>
  <testcase name="testComprarProductoPorOxxo" classname="Negocio.PagoBOTest" time="0.012"/>
  <testcase name="testComprarProducto" classname="Negocio.PagoBOTest" time="0.006">
    <error message="Cannot invoke &quot;DTO.PagoDTO.getCantidad()&quot; because &quot;pagoDTO&quot; is null" type="java.lang.NullPointerException"><![CDATA[java.lang.NullPointerException: Cannot invoke "DTO.PagoDTO.getCantidad()" because "pagoDTO" is null
	at Negocio.DTOaEntidadBO.ConvertirPagoDTO(DTOaEntidadBO.java:78)
	at Negocio.PagoBOTest.testComprarProducto(PagoBOTest.java:86)
	at java.base/java.lang.reflect.Method.invoke(Method.java:580)
	at java.base/java.util.ArrayList.forEach(ArrayList.java:1597)
	at java.base/java.util.ArrayList.forEach(ArrayList.java:1597)
]]></error>
  </testcase>
  <testcase name="testComprarProductoPorTarjeta" classname="Negocio.PagoBOTest" time="0.002">
    <error message="&#10;Misplaced or misused argument matcher detected here:&#10;&#10;-&gt; at Negocio.PagoBOTest.testComprarProducto(PagoBOTest.java:86)&#10;&#10;You cannot use argument matchers outside of verification or stubbing.&#10;Examples of correct usage of argument matchers:&#10;    when(mock.get(anyInt())).thenReturn(null);&#10;    doThrow(new RuntimeException()).when(mock).someVoidMethod(any());&#10;    verify(mock).someMethod(contains(&quot;foo&quot;))&#10;&#10;This message may appear after an NullPointerException if the last matcher is returning an object &#10;like any() but the stubbed method signature expect a primitive argument, in this case,&#10;use primitive alternatives.&#10;    when(mock.get(any())); // bad use, will raise NPE&#10;    when(mock.get(anyInt())); // correct usage use&#10;&#10;Also, this error might show up because you use argument matchers with methods that cannot be mocked.&#10;Following methods *cannot* be stubbed/verified: final/private/equals()/hashCode().&#10;Mocking methods declared on non-public parent classes is not supported.&#10;" type="org.mockito.exceptions.misusing.InvalidUseOfMatchersException"><![CDATA[org.mockito.exceptions.misusing.InvalidUseOfMatchersException: 

Misplaced or misused argument matcher detected here:

-> at Negocio.PagoBOTest.testComprarProducto(PagoBOTest.java:86)

You cannot use argument matchers outside of verification or stubbing.
Examples of correct usage of argument matchers:
    when(mock.get(anyInt())).thenReturn(null);
    doThrow(new RuntimeException()).when(mock).someVoidMethod(any());
    verify(mock).someMethod(contains("foo"))

This message may appear after an NullPointerException if the last matcher is returning an object 
like any() but the stubbed method signature expect a primitive argument, in this case,
use primitive alternatives.
    when(mock.get(any())); // bad use, will raise NPE
    when(mock.get(anyInt())); // correct usage use

Also, this error might show up because you use argument matchers with methods that cannot be mocked.
Following methods *cannot* be stubbed/verified: final/private/equals()/hashCode().
Mocking methods declared on non-public parent classes is not supported.

	at Negocio.PagoBOTest.<init>(PagoBOTest.java:50)
	at java.base/java.lang.reflect.Constructor.newInstanceWithCaller(Constructor.java:502)
	at java.base/java.lang.reflect.Constructor.newInstance(Constructor.java:486)
	at java.base/java.util.Optional.orElseGet(Optional.java:364)
	at java.base/java.util.ArrayList.forEach(ArrayList.java:1597)
	at java.base/java.util.ArrayList.forEach(ArrayList.java:1597)
]]></error>
  </testcase>
  <testcase name="testConsultarHistorialComprasPorUsuarioMeses" classname="Negocio.PagoBOTest" time="0.003"/>
</testsuite>