<?xml version="1.0" encoding="UTF-8"?>
<testsuite xmlns:xsi="http://www.w3.org/2001/XMLSchema-instance" xsi:noNamespaceSchemaLocation="https://maven.apache.org/surefire/maven-surefire-plugin/xsd/surefire-test-report-3.0.xsd" version="3.0" name="Negocio.PagoBOTest" time="1.902" tests="6" errors="2" skipped="0" failures="1">
  <properties>
    <property name="java.specification.version" value="22"/>
    <property name="sun.cpu.isalist" value="amd64"/>
    <property name="sun.jnu.encoding" value="Cp1252"/>
    <property name="java.class.path" value="C:\Users\INEGI\Downloads\Proyecto de pruebas de software\ProyectoDisenioGibran-main\ProyectoDisenioGibran-main\NegocioLibraryAccess\target\test-classes;C:\Users\INEGI\Downloads\Proyecto de pruebas de software\ProyectoDisenioGibran-main\ProyectoDisenioGibran-main\NegocioLibraryAccess\target\classes;C:\Users\INEGI\.m2\repository\com\mycompany\LibraryAccessDTO\1.0-SNAPSHOT\LibraryAccessDTO-1.0-SNAPSHOT.jar;C:\Users\INEGI\.m2\repository\org\mongodb\mongodb-driver-sync\4.5.0\mongodb-driver-sync-4.5.0.jar;C:\Users\INEGI\.m2\repository\org\mongodb\bson\4.5.0\bson-4.5.0.jar;C:\Users\INEGI\.m2\repository\org\mongodb\mongodb-driver-core\4.5.0\mongodb-driver-core-4.5.0.jar;C:\Users\INEGI\.m2\repository\com\mycompany\PersistenciaLibraryAccess\1.0-SNAPSHOT\PersistenciaLibraryAccess-1.0-SNAPSHOT.jar;C:\Users\INEGI\.m2\repository\org\mockito\mockito-core\5.4.0\mockito-core-5.4.0.jar;C:\Users\INEGI\.m2\repository\net\bytebuddy\byte-buddy\1.14.5\byte-buddy-1.14.5.jar;C:\Users\INEGI\.m2\repository\net\bytebuddy\byte-buddy-agent\1.14.5\byte-buddy-agent-1.14.5.jar;C:\Users\INEGI\.m2\repository\org\objenesis\objenesis\3.3\objenesis-3.3.jar;C:\Users\INEGI\.m2\repository\org\junit\jupiter\junit-jupiter-api\5.10.3\junit-jupiter-api-5.10.3.jar;C:\Users\INEGI\.m2\repository\org\opentest4j\opentest4j\1.3.0\opentest4j-1.3.0.jar;C:\Users\INEGI\.m2\repository\org\junit\platform\junit-platform-commons\1.10.3\junit-platform-commons-1.10.3.jar;C:\Users\INEGI\.m2\repository\org\apiguardian\apiguardian-api\1.1.2\apiguardian-api-1.1.2.jar;C:\Users\INEGI\.m2\repository\org\junit\jupiter\junit-jupiter-params\5.10.3\junit-jupiter-params-5.10.3.jar;C:\Users\INEGI\.m2\repository\org\junit\jupiter\junit-jupiter-engine\5.10.3\junit-jupiter-engine-5.10.3.jar;C:\Users\INEGI\.m2\repository\org\junit\platform\junit-platform-engine\1.10.3\junit-platform-engine-1.10.3.jar;"/>
    <property name="java.vm.vendor" value="Oracle Corporation"/>
    <property name="sun.arch.data.model" value="64"/>
    <property name="user.variant" value=""/>
    <property name="java.vendor.url" value="https://java.oracle.com/"/>
    <property name="user.timezone" value="America/Hermosillo"/>
    <property name="os.name" value="Windows 11"/>
    <property name="java.vm.specification.version" value="22"/>
    <property name="user.country" value="MX"/>
    <property name="sun.java.launcher" value="SUN_STANDARD"/>
    <property name="sun.boot.library.path" value="C:\Program Files\Java\jdk-22\bin"/>
    <property name="sun.java.command" value="C:\Users\INEGI\AppData\Local\Temp\surefire9945366471370141595\surefirebooter-20241103013427335_3.jar C:\Users\INEGI\AppData\Local\Temp\surefire9945366471370141595 2024-11-03T01-34-27_144-jvmRun1 surefire-20241103013427335_1tmp surefire_0-20241103013427335_2tmp"/>
    <property name="jdk.debug" value="release"/>
    <property name="test" value="Negocio.PagoBOTest"/>
    <property name="surefire.test.class.path" value="C:\Users\INEGI\Downloads\Proyecto de pruebas de software\ProyectoDisenioGibran-main\ProyectoDisenioGibran-main\NegocioLibraryAccess\target\test-classes;C:\Users\INEGI\Downloads\Proyecto de pruebas de software\ProyectoDisenioGibran-main\ProyectoDisenioGibran-main\NegocioLibraryAccess\target\classes;C:\Users\INEGI\.m2\repository\com\mycompany\LibraryAccessDTO\1.0-SNAPSHOT\LibraryAccessDTO-1.0-SNAPSHOT.jar;C:\Users\INEGI\.m2\repository\org\mongodb\mongodb-driver-sync\4.5.0\mongodb-driver-sync-4.5.0.jar;C:\Users\INEGI\.m2\repository\org\mongodb\bson\4.5.0\bson-4.5.0.jar;C:\Users\INEGI\.m2\repository\org\mongodb\mongodb-driver-core\4.5.0\mongodb-driver-core-4.5.0.jar;C:\Users\INEGI\.m2\repository\com\mycompany\PersistenciaLibraryAccess\1.0-SNAPSHOT\PersistenciaLibraryAccess-1.0-SNAPSHOT.jar;C:\Users\INEGI\.m2\repository\org\mockito\mockito-core\5.4.0\mockito-core-5.4.0.jar;C:\Users\INEGI\.m2\repository\net\bytebuddy\byte-buddy\1.14.5\byte-buddy-1.14.5.jar;C:\Users\INEGI\.m2\repository\net\bytebuddy\byte-buddy-agent\1.14.5\byte-buddy-agent-1.14.5.jar;C:\Users\INEGI\.m2\repository\org\objenesis\objenesis\3.3\objenesis-3.3.jar;C:\Users\INEGI\.m2\repository\org\junit\jupiter\junit-jupiter-api\5.10.3\junit-jupiter-api-5.10.3.jar;C:\Users\INEGI\.m2\repository\org\opentest4j\opentest4j\1.3.0\opentest4j-1.3.0.jar;C:\Users\INEGI\.m2\repository\org\junit\platform\junit-platform-commons\1.10.3\junit-platform-commons-1.10.3.jar;C:\Users\INEGI\.m2\repository\org\apiguardian\apiguardian-api\1.1.2\apiguardian-api-1.1.2.jar;C:\Users\INEGI\.m2\repository\org\junit\jupiter\junit-jupiter-params\5.10.3\junit-jupiter-params-5.10.3.jar;C:\Users\INEGI\.m2\repository\org\junit\jupiter\junit-jupiter-engine\5.10.3\junit-jupiter-engine-5.10.3.jar;C:\Users\INEGI\.m2\repository\org\junit\platform\junit-platform-engine\1.10.3\junit-platform-engine-1.10.3.jar;"/>
    <property name="sun.cpu.endian" value="little"/>
    <property name="user.home" value="C:\Users\INEGI"/>
    <property name="user.language" value="es"/>
    <property name="java.specification.vendor" value="Oracle Corporation"/>
    <property name="java.version.date" value="2024-04-16"/>
    <property name="java.home" value="C:\Program Files\Java\jdk-22"/>
    <property name="file.separator" value="\"/>
    <property name="basedir" value="C:\Users\INEGI\Downloads\Proyecto de pruebas de software\ProyectoDisenioGibran-main\ProyectoDisenioGibran-main\NegocioLibraryAccess"/>
    <property name="java.vm.compressedOopsMode" value="Zero based"/>
    <property name="line.separator" value="&#10;"/>
    <property name="java.vm.specification.vendor" value="Oracle Corporation"/>
    <property name="java.specification.name" value="Java Platform API Specification"/>
    <property name="surefire.real.class.path" value="C:\Users\INEGI\AppData\Local\Temp\surefire9945366471370141595\surefirebooter-20241103013427335_3.jar"/>
    <property name="user.script" value=""/>
    <property name="sun.management.compiler" value="HotSpot 64-Bit Tiered Compilers"/>
    <property name="java.runtime.version" value="22.0.1+8-16"/>
    <property name="user.name" value="INEGI"/>
    <property name="stdout.encoding" value="Cp1252"/>
    <property name="path.separator" value=";"/>
    <property name="os.version" value="10.0"/>
    <property name="java.runtime.name" value="Java(TM) SE Runtime Environment"/>
    <property name="file.encoding" value="UTF-8"/>
    <property name="java.vm.name" value="Java HotSpot(TM) 64-Bit Server VM"/>
    <property name="maven.ext.class.path" value="C:\Program Files\NetBeans-23\netbeans\java\maven-nblib\netbeans-eventspy.jar"/>
    <property name="localRepository" value="C:\Users\INEGI\.m2\repository"/>
    <property name="java.vendor.url.bug" value="https://bugreport.java.com/bugreport/"/>
    <property name="java.io.tmpdir" value="C:\Users\INEGI\AppData\Local\Temp\"/>
    <property name="java.version" value="22.0.1"/>
    <property name="user.dir" value="C:\Users\INEGI\Downloads\Proyecto de pruebas de software\ProyectoDisenioGibran-main\ProyectoDisenioGibran-main\NegocioLibraryAccess"/>
    <property name="os.arch" value="amd64"/>
    <property name="java.vm.specification.name" value="Java Virtual Machine Specification"/>
    <property name="sun.os.patch.level" value=""/>
    <property name="native.encoding" value="Cp1252"/>
    <property name="java.library.path" value="C:\Program Files\Java\jdk-22\bin;C:\Windows\Sun\Java\bin;C:\Windows\system32;C:\Windows;C:\Program Files\Java\bin\;C:\Program Files\Common Files\Oracle\Java\javapath;C:\Windows\system32;C:\Windows;C:\Windows\System32\Wbem;C:\Windows\System32\WindowsPowerShell\v1.0\;C:\Windows\System32\OpenSSH\;C:\Program Files\Git\cmd;C:\Program Files\MySQL\MySQL Shell 8.0\bin\;C:\Users\INEGI\AppData\Local\Microsoft\WindowsApps;C:\Users\INEGI\AppData\Local\Programs\Microsoft VS Code\bin;C:\Users\INEGI\AppData\Local\GitHubDesktop\bin;."/>
    <property name="java.vm.info" value="mixed mode, sharing"/>
    <property name="stderr.encoding" value="Cp1252"/>
    <property name="java.vendor" value="Oracle Corporation"/>
    <property name="java.vm.version" value="22.0.1+8-16"/>
    <property name="sun.io.unicode.encoding" value="UnicodeLittle"/>
    <property name="java.class.version" value="66.0"/>
  </properties>
  <testcase name="testConsultarHistorialComprasPorUsuario" classname="Negocio.PagoBOTest" time="0.111">
    <system-err><![CDATA[WARNING: A Java agent has been loaded dynamically (C:\Users\INEGI\.m2\repository\net\bytebuddy\byte-buddy-agent\1.14.5\byte-buddy-agent-1.14.5.jar)
WARNING: If a serviceability tool is in use, please run with -XX:+EnableDynamicAgentLoading to hide this warning
WARNING: If a serviceability tool is not in use, please run with -Djdk.instrument.traceUsage for more information
WARNING: Dynamic loading of agents will be disallowed by default in a future release
nov 03, 2024 1:34:29 A.M. org.bson.diagnostics.Loggers shouldUseSLF4J
WARNING: SLF4J not found on the classpath. Logging is disabled for the 'org.bson' component
nov 03, 2024 1:34:29 A.M. com.mongodb.diagnostics.logging.Loggers shouldUseSLF4J
WARNING: SLF4J not found on the classpath.  Logging is disabled for the 'org.mongodb.driver' component
]]></system-err>
  </testcase>
  <testcase name="testConsultarProductosCompradosPorUsuario" classname="Negocio.PagoBOTest" time="0.027">
    <failure message="expected: java.lang.String@1bc425e7&lt;123&gt; but was: java.lang.Integer@4b2a30d&lt;123&gt;" type="org.opentest4j.AssertionFailedError"><![CDATA[org.opentest4j.AssertionFailedError: expected: java.lang.String@1bc425e7<123> but was: java.lang.Integer@4b2a30d<123>
	at org.junit.jupiter.api.AssertionFailureBuilder.build(AssertionFailureBuilder.java:151)
	at org.junit.jupiter.api.AssertionFailureBuilder.buildAndThrow(AssertionFailureBuilder.java:132)
	at org.junit.jupiter.api.AssertEquals.failNotEqual(AssertEquals.java:197)
	at org.junit.jupiter.api.AssertEquals.assertEquals(AssertEquals.java:182)
	at org.junit.jupiter.api.AssertEquals.assertEquals(AssertEquals.java:177)
	at org.junit.jupiter.api.Assertions.assertEquals(Assertions.java:1145)
	at Negocio.PagoBOTest.testConsultarProductosCompradosPorUsuario(PagoBOTest.java:138)
	at java.base/java.lang.reflect.Method.invoke(Method.java:580)
	at java.base/java.util.ArrayList.forEach(ArrayList.java:1597)
	at java.base/java.util.ArrayList.forEach(ArrayList.java:1597)
]]></failure>
  </testcase>
  <testcase name="testComprarProductoPorOxxo" classname="Negocio.PagoBOTest" time="0.012"/>
  <testcase name="testComprarProducto" classname="Negocio.PagoBOTest" time="0.006">
    <error message="Cannot invoke &quot;DTO.PagoDTO.getCantidad()&quot; because &quot;pagoDTO&quot; is null" type="java.lang.NullPointerException"><![CDATA[java.lang.NullPointerException: Cannot invoke "DTO.PagoDTO.getCantidad()" because "pagoDTO" is null
	at Negocio.DTOaEntidadBO.ConvertirPagoDTO(DTOaEntidadBO.java:78)
	at Negocio.PagoBOTest.testComprarProducto(PagoBOTest.java:86)
	at java.base/java.lang.reflect.Method.invoke(Method.java:580)
	at java.base/java.util.ArrayList.forEach(ArrayList.java:1597)
	at java.base/java.util.ArrayList.forEach(ArrayList.java:1597)
]]></error>
  </testcase>
  <testcase name="testComprarProductoPorTarjeta" classname="Negocio.PagoBOTest" time="0.002">
    <error message="&#10;Misplaced or misused argument matcher detected here:&#10;&#10;-&gt; at Negocio.PagoBOTest.testComprarProducto(PagoBOTest.java:86)&#10;&#10;You cannot use argument matchers outside of verification or stubbing.&#10;Examples of correct usage of argument matchers:&#10;    when(mock.get(anyInt())).thenReturn(null);&#10;    doThrow(new RuntimeException()).when(mock).someVoidMethod(any());&#10;    verify(mock).someMethod(contains(&quot;foo&quot;))&#10;&#10;This message may appear after an NullPointerException if the last matcher is returning an object &#10;like any() but the stubbed method signature expect a primitive argument, in this case,&#10;use primitive alternatives.&#10;    when(mock.get(any())); // bad use, will raise NPE&#10;    when(mock.get(anyInt())); // correct usage use&#10;&#10;Also, this error might show up because you use argument matchers with methods that cannot be mocked.&#10;Following methods *cannot* be stubbed/verified: final/private/equals()/hashCode().&#10;Mocking methods declared on non-public parent classes is not supported.&#10;" type="org.mockito.exceptions.misusing.InvalidUseOfMatchersException"><![CDATA[org.mockito.exceptions.misusing.InvalidUseOfMatchersException: 

Misplaced or misused argument matcher detected here:

-> at Negocio.PagoBOTest.testComprarProducto(PagoBOTest.java:86)

You cannot use argument matchers outside of verification or stubbing.
Examples of correct usage of argument matchers:
    when(mock.get(anyInt())).thenReturn(null);
    doThrow(new RuntimeException()).when(mock).someVoidMethod(any());
    verify(mock).someMethod(contains("foo"))

This message may appear after an NullPointerException if the last matcher is returning an object 
like any() but the stubbed method signature expect a primitive argument, in this case,
use primitive alternatives.
    when(mock.get(any())); // bad use, will raise NPE
    when(mock.get(anyInt())); // correct usage use

Also, this error might show up because you use argument matchers with methods that cannot be mocked.
Following methods *cannot* be stubbed/verified: final/private/equals()/hashCode().
Mocking methods declared on non-public parent classes is not supported.

	at Negocio.PagoBOTest.<init>(PagoBOTest.java:50)
	at java.base/java.lang.reflect.Constructor.newInstanceWithCaller(Constructor.java:502)
	at java.base/java.lang.reflect.Constructor.newInstance(Constructor.java:486)
	at java.base/java.util.Optional.orElseGet(Optional.java:364)
	at java.base/java.util.ArrayList.forEach(ArrayList.java:1597)
	at java.base/java.util.ArrayList.forEach(ArrayList.java:1597)
]]></error>
  </testcase>
  <testcase name="testConsultarHistorialComprasPorUsuarioMeses" classname="Negocio.PagoBOTest" time="0.003"/>
</testsuite>