<?xml version="1.0" encoding="UTF-8"?>
<testsuite xmlns:xsi="http://www.w3.org/2001/XMLSchema-instance" xsi:noNamespaceSchemaLocation="https://maven.apache.org/surefire/maven-surefire-plugin/xsd/surefire-test-report-3.0.xsd" version="3.0" name="DAO.ProductoDAOTest" time="0.276" tests="8" errors="0" skipped="0" failures="0">
  <properties>
[...]
</properties>
  <testcase name="testBuscarProductosPorAutor" classname="DAO.ProductoDAOTest" time="0.028">
    <system-out><![CDATA[ya esta ese producto
]]></system-out>
  </testcase>
  <testcase name="testObtenerTodosProductos" classname="DAO.ProductoDAOTest" time="0.123">
    <system-out><![CDATA[ya esta ese producto
[Producto{id=null, isbn=1234, titulo=Rapunzel, autor=Joaquin, tipo=libro, editorial=Primera, precio=300.0, categoria=aventura, cantidad=10, reseñas=[]}, Producto{id=null, isbn=1235, titulo=Rapunzel, autor=disney, tipo=libro, editorial=segunda, precio=4500.0, categoria=aventura, cantidad=20, reseñas=[]}, Producto{id=null, isbn=97805, titulo=Harry Potter and the Sorcerer's Stone, autor=J.K. Rowling, tipo=Libro, editorial=Scholastic Inc., precio=6.99, categoria=Aventura, cantidad=14, reseñas=[Reseña{idReseña=null, reseña=muy bueno, rating=5, producto=Producto{id=null, isbn=97805, titulo=Harry Potter and the Sorcerer's Stone, autor=J.K. Rowling, tipo=Libro, editorial=Scholastic Inc., precio=6.99, categoria=Aventura, cantidad=0, reseñas=[]}, usuario=Usuario{idUsuario=null, nombreUsuario=ramoncito, contrasenia=ramon, productosVendidos=[]}}]}, Producto{id=null, isbn=97800, titulo=Dracula, autor=Bram Stoker, tipo=Libro, editorial=Dover Publications, precio=5.99, categoria=Terror, cantidad=20, reseñas=[]}, Producto{id=null, isbn=48641, titulo=Cien años de soledad, autor=Gabriel García Márquez, tipo=Libro, editorial=Harper & Row, precio=8.99, categoria=Ficción, cantidad=30, reseñas=[]}, Producto{id=null, isbn=1, titulo=El Principito, autor=Antoine de Saint-Exupéry, tipo=Libro, editorial=Editorial, precio=10.99, categoria=Aventura, cantidad=50, reseñas=[]}, Producto{id=null, isbn=2, titulo=El Principito, autor=Otro Autor, tipo=Libro, editorial=Otra Editorial, precio=8.99, categoria=Fantasía, cantidad=30, reseñas=[]}, Producto{id=null, isbn=3, titulo=El Principito, autor=Otro Autor Más, tipo=Libro, editorial=Otra Editorial Más, precio=12.99, categoria=Aventura, cantidad=40, reseñas=[Reseña{idReseña=null, reseña=esta muy bueno, rating=1, producto=Producto{id=null, isbn=3, titulo=El Principito, autor=Otro Autor Más, tipo=Libro, editorial=Otra Editorial Más, precio=12.99, categoria=Aventura, cantidad=0, reseñas=[]}, usuario=Usuario{idUsuario=null, nombreUsuario=a, contrasenia=b, productosVendidos=[]}}]}, Producto{id=null, isbn=312345, titulo=como ser tiktoker, autor=jorgendo43, tipo=libro, editorial=primera, precio=12.99, categoria=importante, cantidad=40, reseñas=[]}, Producto{id=66385d2c38a5115b0b13f3e9, isbn=31234589, titulo=la llorona, autor=jorgendo43, tipo=libro, editorial=segunda, precio=15.99, categoria=importante, cantidad=50, reseñas=[Reseña{idReseña=null, reseña=looool, rating=5, producto=Producto{id=null, isbn=31234589, titulo=la llorona, autor=jorgendo43, tipo=libro, editorial=segunda, precio=15.99, categoria=importante, cantidad=0, reseñas=[]}, usuario=Usuario{idUsuario=null, nombreUsuario=a, contrasenia=b, productosVendidos=[]}}]}, Producto{id=null, isbn=456, titulo=Rapunzel, autor=Joaquin, tipo=libro, editorial=Primera, precio=300.0, categoria=aventura, cantidad=10, reseñas=[Reseña{idReseña=null, reseña=es lo mejor, rating=4, producto=Producto{id=null, isbn=456, titulo=Rapunzel, autor=Joaquin, tipo=libro, editorial=Primera, precio=300.0, categoria=aventura, cantidad=10, reseñas=[]}, usuario=Usuario{idUsuario=null, nombreUsuario=loco, contrasenia=loco, productosVendidos=[]}}, Reseña{idReseña=null, reseña=muy malo, rating=1, producto=Producto{id=null, isbn=456, titulo=Rapunzel, autor=Joaquin, tipo=libro, editorial=Primera, precio=300.0, categoria=aventura, cantidad=0, reseñas=[]}, usuario=Usuario{idUsuario=null, nombreUsuario=zelda, contrasenia=link, productosVendidos=[]}}, Reseña{idReseña=null, reseña=malardo, rating=2, producto=Producto{id=null, isbn=456, titulo=Rapunzel, autor=Joaquin, tipo=libro, editorial=Primera, precio=300.0, categoria=aventura, cantidad=0, reseñas=[]}, usuario=Usuario{idUsuario=null, nombreUsuario=zelda, contrasenia=link, productosVendidos=[]}}]}, Producto{id=null, isbn=12345, titulo=chespirito, autor=loret, tipo=revista, editorial=segunda, precio=200.0, categoria=peridismo, cantidad=4, reseñas=[Reseña{idReseña=null, reseña=Excelente producto, rating=5, producto=Producto{id=null, isbn=12345, titulo=Test Book, autor=Test Author, tipo=null, editorial=null, precio=299.99, categoria=null, cantidad=1, reseñas=[]}, usuario=Usuario{idUsuario=null, nombreUsuario=user, contrasenia=password, productosVendidos=[]}}]}, Producto{id=null, isbn=0, titulo=zelda, autor=miyamoto, tipo=libro, editorial=segunda, precio=15.99, categoria=importante, cantidad=48, reseñas=[Reseña{idReseña=null, reseña=Excelente producto, rating=5, producto=Producto{id=null, isbn=0, titulo=null, autor=null, tipo=null, editorial=null, precio=0.0, categoria=null, cantidad=0, reseñas=[]}, usuario=Usuario{idUsuario=null, nombreUsuario=null, contrasenia=null, productosVendidos=[]}}]}, Producto{id=null, isbn=3585, titulo=amlo, autor=loret, tipo=revista, editorial=segunda, precio=200.0, categoria=peridismo, cantidad=10, reseñas=[Reseña{idReseña=null, reseña=amlo el mejor, rating=5, producto=Producto{id=null, isbn=3585, titulo=amlo, autor=loret, tipo=revista, editorial=segunda, precio=200.0, categoria=peridismo, cantidad=0, reseñas=[]}, usuario=Usuario{idUsuario=null, nombreUsuario=zelda, contrasenia=link, productosVendidos=[]}}, Reseña{idReseña=null, reseña=VIVA MORENA, rating=5, producto=Producto{id=null, isbn=3585, titulo=amlo, autor=loret, tipo=revista, editorial=segunda, precio=200.0, categoria=peridismo, cantidad=0, reseñas=[]}, usuario=Usuario{idUsuario=null, nombreUsuario=a, contrasenia=b, productosVendidos=[]}}, Reseña{idReseña=null, reseña=viva el prian, rating=3, producto=Producto{id=null, isbn=3585, titulo=amlo, autor=loret, tipo=revista, editorial=segunda, precio=200.0, categoria=peridismo, cantidad=0, reseñas=[]}, usuario=Usuario{idUsuario=null, nombreUsuario=link, contrasenia=zelda, productosVendidos=[]}}, Reseña{idReseña=null, reseña=e mejor, rating=4, producto=Producto{id=null, isbn=3585, titulo=amlo, autor=loret, tipo=revista, editorial=segunda, precio=200.0, categoria=peridismo, cantidad=0, reseñas=[]}, usuario=Usuario{idUsuario=null, nombreUsuario=jorgendo43, contrasenia=raul, productosVendidos=[]}}]}, Producto{id=null, isbn=1246732, titulo=locomia, autor=ronda, tipo=mon, editorial=ramoncito, precio=3212.0, categoria=tercera, cantidad=5, reseñas=[]}, Producto{id=null, isbn=1065248, titulo=vendido, autor=Bram Stoker, tipo=Libro, editorial=Dover Publications, precio=5.99, categoria=Terror, cantidad=16, reseñas=[]}, Producto{id=null, isbn=109044, titulo=ramadann, autor=rummalia, tipo=cominaca, editorial=si, precio=321.0, categoria=primera, cantidad=4, reseñas=[]}, Producto{id=null, isbn=567065, titulo=edgar, autor=acevedo, tipo=acosta, editorial=si, precio=2332.0, categoria=primera, cantidad=21, reseñas=[Reseña{idReseña=null, reseña=un libro muy malo, rating=4, producto=Producto{id=null, isbn=567065, titulo=edgar, autor=acevedo, tipo=acosta, editorial=si, precio=2332.0, categoria=primera, cantidad=0, reseñas=[]}, usuario=Usuario{idUsuario=null, nombreUsuario=ramoncito, contrasenia=ramon, productosVendidos=[]}}]}, Producto{id=null, isbn=123456, titulo=Libro de Prueba, autor=Autor de Prueba, tipo=Tipo, editorial=Editorial, precio=10.0, categoria=Categoria, cantidad=1, reseñas=[Reseña{idReseña=null, reseña=Esta es una reseña de prueba., rating=5, producto=Producto{id=null, isbn=123456, titulo=Título de prueba, autor=Autor de prueba, tipo=Tipo de prueba, editorial=Editorial de prueba, precio=19.99, categoria=Categoría de prueba, cantidad=10, reseñas=[]}, usuario=Usuario{idUsuario=6726e5a905383e7545cbc7a4, nombreUsuario=usuarioPrueba, contrasenia=contraseña, productosVendidos=[]}}]}, Producto{id=null, isbn=123456789, titulo=Libro de Prueba, autor=Autor de Prueba, tipo=Tipo, editorial=Editorial, precio=20.0, categoria=Categoria, cantidad=1, reseñas=[]}, Producto{id=null, isbn=123, titulo=Producto A, autor=Autor A, tipo=Tipo A, editorial=Editorial A, precio=10.0, categoria=Categoría A, cantidad=5, reseñas=[]}, Producto{id=null, isbn=789012, titulo=1984, autor=George Orwell, tipo=Libro, editorial=Editorial Test, precio=399.99, categoria=Ficción, cantidad=3, reseñas=[]}]
]]></system-out>
  </testcase>
  <testcase name="testBuscarProductosPorIsbn" classname="DAO.ProductoDAOTest" time="0.02">
    <system-out><![CDATA[ya esta ese producto
]]></system-out>
  </testcase>
  <testcase name="testBuscarProductosPorVendedor" classname="DAO.ProductoDAOTest" time="0.017">
    <system-out><![CDATA[ya esta ese producto
[Producto{id=null, isbn=1, titulo=El Principito, autor=Antoine de Saint-Exupéry, tipo=Libro, editorial=Editorial, precio=10.99, categoria=Aventura, cantidad=50, reseñas=[]}, Producto{id=null, isbn=123456, titulo=Libro de Prueba, autor=Autor de Prueba, tipo=Tipo, editorial=Editorial, precio=10.0, categoria=Categoria, cantidad=1, reseñas=[Reseña{idReseña=null, reseña=Esta es una reseña de prueba., rating=5, producto=Producto{id=null, isbn=123456, titulo=Título de prueba, autor=Autor de prueba, tipo=Tipo de prueba, editorial=Editorial de prueba, precio=19.99, categoria=Categoría de prueba, cantidad=10, reseñas=[]}, usuario=Usuario{idUsuario=6726e5a905383e7545cbc7a4, nombreUsuario=usuarioPrueba, contrasenia=contraseña, productosVendidos=[]}}]}, Producto{id=null, isbn=123456789, titulo=Libro de Prueba, autor=Autor de Prueba, tipo=Tipo, editorial=Editorial, precio=20.0, categoria=Categoria, cantidad=1, reseñas=[]}]
]]></system-out>
  </testcase>
  <testcase name="testActualizarCantidadProducto" classname="DAO.ProductoDAOTest" time="0.018">
    <system-out><![CDATA[ya esta ese producto
No hay suficiente inventario para la venta.
Producto{id=null, isbn=123456789, titulo=Libro de Prueba, autor=Autor de Prueba, tipo=Tipo, editorial=Editorial, precio=20.0, categoria=Categoria, cantidad=1, reseñas=[]}
]]></system-out>
  </testcase>
  <testcase name="testBuscarProductosPorNombre" classname="DAO.ProductoDAOTest" time="0.014">
    <system-out><![CDATA[ya esta ese producto
]]></system-out>
  </testcase>
  <testcase name="testAgregarProducto" classname="DAO.ProductoDAOTest" time="0.012">
    <system-out><![CDATA[ya esta ese producto
]]></system-out>
  </testcase>
  <testcase name="testBuscarProductosPorCategoria" classname="DAO.ProductoDAOTest" time="0.012">
    <system-out><![CDATA[ya esta ese producto
]]></system-out>
  </testcase>
</testsuite>