<?xml version="1.0" encoding="UTF-8"?>
<testsuite xmlns:xsi="http://www.w3.org/2001/XMLSchema-instance" xsi:noNamespaceSchemaLocation="https://maven.apache.org/surefire/maven-surefire-plugin/xsd/surefire-test-report-3.0.xsd" version="3.0" name="DAO.UsuarioDAOTest" time="0.066" tests="6" errors="0" skipped="0" failures="0">
  <properties>
[...]
</properties>
  <testcase name="testAgregarUsuario" classname="DAO.UsuarioDAOTest" time="0.008">
    <system-out><![CDATA[agregarUsuario
Advertencia: Ya existe un usuario con ese nombre de usuario: testUser
]]></system-out>
  </testcase>
  <testcase name="testAgregarProductoVendido" classname="DAO.UsuarioDAOTest" time="0.015">
    <system-out><![CDATA[agregarProductoVendido
Advertencia: Ya existe un usuario con ese nombre de usuario: testUser
ya esta ese producto
]]></system-out>
  </testcase>
  <testcase name="testUsuarioInicioSesion" classname="DAO.UsuarioDAOTest" time="0.008">
    <system-out><![CDATA[UsuarioInicioSesion
Advertencia: Ya existe un usuario con ese nombre de usuario: testUser
]]></system-out>
  </testcase>
  <testcase name="testObtenerHistorialProductosVendidos" classname="DAO.UsuarioDAOTest" time="0.016">
    <system-out><![CDATA[obtenerHistorialProductosVendidos
Advertencia: Ya existe un usuario con ese nombre de usuario: testUser
ya esta ese producto
]]></system-out>
  </testcase>
  <testcase name="testBuscarUsuario" classname="DAO.UsuarioDAOTest" time="0.007">
    <system-out><![CDATA[buscarUsuario
Advertencia: Ya existe un usuario con ese nombre de usuario: testUser
]]></system-out>
  </testcase>
  <testcase name="testObtenerTodosLosUsuarios" classname="DAO.UsuarioDAOTest" time="0.008">
    <system-out><![CDATA[obtenerTodosLosUsuarios
Advertencia: Ya existe un usuario con ese nombre de usuario: testUser
[Usuario{idUsuario=null, nombreUsuario=j, contrasenia=a, productosVendidos=[]}, Usuario{idUsuario=null, nombreUsuario=jose, contrasenia=juan, productosVendidos=[]}, Usuario{idUsuario=66385cffc73cd77b64a7444a, nombreUsuario=a, contrasenia=b, productosVendidos=[]}, Usuario{idUsuario=null, nombreUsuario=MC, contrasenia=MC, productosVendidos=[]}, Usuario{idUsuario=null, nombreUsuario=loco, contrasenia=loco, productosVendidos=[]}, Usuario{idUsuario=null, nombreUsuario=a, contrasenia=a, productosVendidos=[]}, Usuario{idUsuario=null, nombreUsuario=pedro, contrasenia=picapiedra, productosVendidos=[]}, Usuario{idUsuario=null, nombreUsuario=lujan, contrasenia=morales, productosVendidos=[]}, Usuario{idUsuario=null, nombreUsuario=zelda, contrasenia=link, productosVendidos=[]}, Usuario{idUsuario=null, nombreUsuario=link, contrasenia=zelda, productosVendidos=[]}, Usuario{idUsuario=null, nombreUsuario=jorgendo43, contrasenia=raul, productosVendidos=[]}, Usuario{idUsuario=null, nombreUsuario=ramoncito, contrasenia=ramon, productosVendidos=[Producto{id=null, isbn=20806, titulo=prueba, autor=Bram Stoker, tipo=Libro, editorial=Dover Publications, precio=5.99, categoria=Terror, cantidad=20, reseñas=[]}, Producto{id=null, isbn=68174112, titulo=prueba, autor=Bram Stoker, tipo=Libro, editorial=Dover Publications, precio=5.99, categoria=Terror, cantidad=20, reseñas=[]}, Producto{id=null, isbn=1065248, titulo=vendido, autor=Bram Stoker, tipo=Libro, editorial=Dover Publications, precio=5.99, categoria=Terror, cantidad=20, reseñas=[]}, Producto{id=null, isbn=109044, titulo=ramadann, autor=rummalia, tipo=cominaca, editorial=si, precio=321.0, categoria=primera, cantidad=4, reseñas=[]}, Producto{id=null, isbn=567065, titulo=edgar, autor=acevedo, tipo=acosta, editorial=si, precio=2332.0, categoria=primera, cantidad=25, reseñas=[]}]}, Usuario{idUsuario=null, nombreUsuario=servando, contrasenia=contreras, productosVendidos=[]}, Usuario{idUsuario=null, nombreUsuario=testUser, contrasenia=testPassword, productosVendidos=[Producto{id=null, isbn=0, titulo=testProduct, autor=null, tipo=null, editorial=null, precio=0.0, categoria=null, cantidad=0, reseñas=[]}, Producto{id=null, isbn=0, titulo=testProduct, autor=null, tipo=null, editorial=null, precio=0.0, categoria=null, cantidad=0, reseñas=[]}, Producto{id=null, isbn=123456, titulo=Libro de Prueba, autor=Autor de Prueba, tipo=Tipo, editorial=Editorial, precio=10.0, categoria=Categoria, cantidad=5, reseñas=[]}, Producto{id=null, isbn=123456, titulo=Libro de Prueba, autor=Autor de Prueba, tipo=Tipo, editorial=Editorial, precio=10.0, categoria=Categoria, cantidad=5, reseñas=[]}, Producto{id=null, isbn=123456, titulo=Libro de Prueba, autor=Autor de Prueba, tipo=Tipo, editorial=Editorial, precio=10.0, categoria=Categoria, cantidad=5, reseñas=[]}, Producto{id=null, isbn=123456, titulo=Libro de Prueba, autor=Autor de Prueba, tipo=Tipo, editorial=Editorial, precio=10.0, categoria=Categoria, cantidad=5, reseñas=[]}, Producto{id=null, isbn=123456, titulo=Libro de Prueba, autor=Autor de Prueba, tipo=Tipo, editorial=Editorial, precio=10.0, categoria=Categoria, cantidad=5, reseñas=[]}, Producto{id=null, isbn=123456, titulo=Libro de Prueba, autor=Autor de Prueba, tipo=Tipo, editorial=Editorial, precio=10.0, categoria=Categoria, cantidad=5, reseñas=[]}, Producto{id=null, isbn=123456, titulo=Libro de Prueba, autor=Autor de Prueba, tipo=Tipo, editorial=Editorial, precio=10.0, categoria=Categoria, cantidad=5, reseñas=[]}, Producto{id=null, isbn=123456, titulo=Libro de Prueba, autor=Autor de Prueba, tipo=Tipo, editorial=Editorial, precio=10.0, categoria=Categoria, cantidad=5, reseñas=[]}, Producto{id=null, isbn=123456, titulo=Libro de Prueba, autor=Autor de Prueba, tipo=Tipo, editorial=Editorial, precio=10.0, categoria=Categoria, cantidad=5, reseñas=[]}, Producto{id=null, isbn=123456, titulo=Libro de Prueba, autor=Autor de Prueba, tipo=Tipo, editorial=Editorial, precio=10.0, categoria=Categoria, cantidad=5, reseñas=[]}, Producto{id=null, isbn=123456, titulo=Libro de Prueba, autor=Autor de Prueba, tipo=Tipo, editorial=Editorial, precio=10.0, categoria=Categoria, cantidad=5, reseñas=[]}, Producto{id=null, isbn=123456, titulo=Libro de Prueba, autor=Autor de Prueba, tipo=Tipo, editorial=Editorial, precio=10.0, categoria=Categoria, cantidad=5, reseñas=[]}, Producto{id=null, isbn=123456, titulo=Libro de Prueba, autor=Autor de Prueba, tipo=Tipo, editorial=Editorial, precio=10.0, categoria=Categoria, cantidad=5, reseñas=[]}, Producto{id=null, isbn=123456, titulo=Libro de Prueba, autor=Autor de Prueba, tipo=Tipo, editorial=Editorial, precio=10.0, categoria=Categoria, cantidad=5, reseñas=[]}, Producto{id=null, isbn=123456, titulo=Libro de Prueba, autor=Autor de Prueba, tipo=Tipo, editorial=Editorial, precio=10.0, categoria=Categoria, cantidad=5, reseñas=[]}, Producto{id=null, isbn=123456, titulo=Libro de Prueba, autor=Autor de Prueba, tipo=Tipo, editorial=Editorial, precio=10.0, categoria=Categoria, cantidad=5, reseñas=[]}]}]
]]></system-out>
  </testcase>
</testsuite>