<?xml version="1.0" encoding="UTF-8"?>
<testsuite xmlns:xsi="http://www.w3.org/2001/XMLSchema-instance" xsi:noNamespaceSchemaLocation="https://maven.apache.org/surefire/maven-surefire-plugin/xsd/surefire-test-report-3.0.xsd" version="3.0" name="DAO.PagoDAOTest" time="0.255" tests="4" errors="0" skipped="0" failures="0">
  <properties>
[...]
</properties>
  <testcase name="testAgregarPago" classname="DAO.PagoDAOTest" time="0.222">
    <system-out><![CDATA[agregarPago
No hay suficiente inventario para la venta.
El producto con ISBN 789012 no existe.
]]></system-out>
  </testcase>
  <testcase name="testConsultarHistorialComprasPorUsuario" classname="DAO.PagoDAOTest" time="0.008">
    <system-out><![CDATA[consultarHistorialComprasPorUsuario
]]></system-out>
  </testcase>
  <testcase name="testConsultarProductosCompradosPorUsuario" classname="DAO.PagoDAOTest" time="0.007">
    <system-out><![CDATA[consultarProductosCompradosPorUsuario
]]></system-out>
  </testcase>
  <testcase name="testConsultarHistorialComprasPorUsuarioMeses" classname="DAO.PagoDAOTest" time="0.009">
    <system-out><![CDATA[consultarHistorialComprasPorUsuarioMeses
]]></system-out>
  </testcase>
</testsuite>